2025-08-15 10:59:19,428 - Auto-generated breadcrumb for view 'regions:region-list': [Region List]
2025-08-15 11:04:52,082 - Auto-generated breadcrumb for view 'regions:region-list': [Region List]
2025-08-15 12:46:13,732 - Auto-generated breadcrumb for view 'regions:region-list': [Region List]
2025-08-15 12:54:44,989 - Auto-generated breadcrumb for view 'regions:region-list': [Region List]
2025-08-18 08:05:14,677 - Auto-generated breadcrumb for view 'regions:region-list': [Region List]
2025-08-18 08:07:02,452 - Auto-generated breadcrumb for view 'regions:region-list': [Region List]
2025-08-18 12:48:44,985 - Auto-generated breadcrumb for view 'regions:region-list': [Region List]
2025-08-19 10:56:43,870 - Auto-generated breadcrumb for view 'asset-list': [Asset List]
2025-08-19 10:57:17,199 - Auto-generated breadcrumb for view 'asset-list': [Asset List]
2025-08-19 11:01:28,542 - Auto-generated breadcrumb for view 'asset-list': [Asset List]
2025-08-19 11:44:59,649 - Auto-generated breadcrumb for view 'asset-list': [Asset List]
2025-08-19 11:49:12,132 - Auto-generated breadcrumb for view 'asset-list': [Asset List]
2025-08-19 11:50:48,749 - Auto-generated breadcrumb for view 'asset-list': [Asset List]
2025-08-19 11:50:49,820 - Auto-generated breadcrumb for view 'asset-detail': [Asset Detail]
2025-08-19 11:50:51,144 - Auto-generated breadcrumb for view 'asset-edit': [Asset Edit]
2025-08-19 11:50:58,074 - Auto-generated breadcrumb for view 'asset-detail': [Asset Detail]
2025-08-19 11:51:03,318 - Auto-generated breadcrumb for view 'asset-list': [Asset List]
2025-08-19 11:51:04,869 - Auto-generated breadcrumb for view 'asset-detail': [Asset Detail]
2025-08-19 12:47:46,086 - Auto-generated breadcrumb for view 'regions:region-list': [Region List]
2025-08-19 13:04:53,771 - Auto-generated breadcrumb for view 'regions:region-list': [Region List]
2025-08-20 14:10:41,701 - Auto-generated breadcrumb for view 'regions:region-list': [Region List]
2025-08-20 14:19:29,602 - Auto-generated breadcrumb for view 'regions:region-list': [Region List]
2025-08-21 08:38:54,442 - Auto-generated breadcrumb for view 'regions:region-list': [Region List]
2025-08-21 10:59:34,252 - Auto-generated breadcrumb for view 'regions:region-list': [Region List]
2025-08-21 11:05:43,246 - Auto-generated breadcrumb for view 'document-delete': [Document Delete]
